2015-02-16 10:28:34,587 [Worker-19] WARN  o.e.a.i.i.DefaultUpdateCheckManager - Failed to write tracking file /Volumes/SuperNova/School/Spring2015/CS185C/AaronsCode/.recommenders/repository/http___download_eclipse_org_recommenders_models_luna_/org/eclipse/recommenders/index/0.0.0-SNAPSHOT/resolver-status.properties
java.io.IOException: null
	at org.eclipse.aether.internal.impl.TrackingFileManager.lock(TrackingFileManager.java:210) ~[org.eclipse.aether.impl_1.0.0.v20140518.jar:na]
	at org.eclipse.aether.internal.impl.TrackingFileManager.update(TrackingFileManager.java:97) ~[org.eclipse.aether.impl_1.0.0.v20140518.jar:na]
	at org.eclipse.aether.internal.impl.DefaultUpdateCheckManager.write(DefaultUpdateCheckManager.java:617) [org.eclipse.aether.impl_1.0.0.v20140518.jar:na]
	at org.eclipse.aether.internal.impl.DefaultUpdateCheckManager.touchMetadata(DefaultUpdateCheckManager.java:584) [org.eclipse.aether.impl_1.0.0.v20140518.jar:na]
	at org.eclipse.aether.internal.impl.DefaultMetadataResolver$ResolveTask.run(DefaultMetadataResolver.java:641) [org.eclipse.aether.impl_1.0.0.v20140518.jar:na]
	at org.eclipse.aether.util.concurrency.RunnableErrorForwarder$1.run(RunnableErrorForwarder.java:67) [org.eclipse.aether.util_1.0.0.v20140518.jar:na]
	at org.eclipse.aether.internal.impl.DefaultMetadataResolver$1.execute(DefaultMetadataResolver.java:527) [org.eclipse.aether.impl_1.0.0.v20140518.jar:na]
	at org.eclipse.aether.internal.impl.DefaultMetadataResolver.resolve(DefaultMetadataResolver.java:382) [org.eclipse.aether.impl_1.0.0.v20140518.jar:na]
	at org.eclipse.aether.internal.impl.DefaultMetadataResolver.resolveMetadata(DefaultMetadataResolver.java:205) [org.eclipse.aether.impl_1.0.0.v20140518.jar:na]
	at org.apache.maven.repository.internal.DefaultVersionResolver.resolveVersion(DefaultVersionResolver.java:250) [maven-aether-provider-3.1.0.jar:3.1.0]
	at org.eclipse.aether.internal.impl.DefaultArtifactResolver.resolve(DefaultArtifactResolver.java:302) [org.eclipse.aether.impl_1.0.0.v20140518.jar:na]
	at org.eclipse.aether.internal.impl.DefaultArtifactResolver.resolveArtifacts(DefaultArtifactResolver.java:246) [org.eclipse.aether.impl_1.0.0.v20140518.jar:na]
	at org.eclipse.aether.internal.impl.DefaultArtifactResolver.resolveArtifact(DefaultArtifactResolver.java:223) [org.eclipse.aether.impl_1.0.0.v20140518.jar:na]
	at org.eclipse.aether.internal.impl.DefaultRepositorySystem.resolveArtifact(DefaultRepositorySystem.java:294) [org.eclipse.aether.impl_1.0.0.v20140518.jar:na]
	at org.eclipse.recommenders.models.ModelRepository.resolveInternal(ModelRepository.java:185) [org.eclipse.recommenders.models_2.1.9.v20140917-1240.jar:na]
	at org.eclipse.recommenders.models.ModelRepository.resolve(ModelRepository.java:167) [org.eclipse.recommenders.models_2.1.9.v20140917-1240.jar:na]
	at org.eclipse.recommenders.internal.models.rcp.EclipseModelRepository.resolve(EclipseModelRepository.java:162) [org.eclipse.recommenders.models.rcp_2.1.9.v20140917-1240.jar:na]
	at org.eclipse.recommenders.internal.models.rcp.DownloadModelArchiveJob.run(DownloadModelArchiveJob.java:73) [org.eclipse.recommenders.models.rcp_2.1.9.v20140917-1240.jar:na]
	at org.eclipse.core.internal.jobs.Worker.run(Worker.java:54) [org.eclipse.core.jobs_3.6.0.v20140424-0053.jar:na]
Caused by: java.nio.channels.OverlappingFileLockException: null
	at sun.nio.ch.FileChannelImpl$SharedFileLockTable.checkList(FileChannelImpl.java:1166) ~[na:1.6.0_65]
	at sun.nio.ch.FileChannelImpl$SharedFileLockTable.add(FileChannelImpl.java:1068) ~[na:1.6.0_65]
	at sun.nio.ch.FileChannelImpl.lock(FileChannelImpl.java:824) ~[na:1.6.0_65]
	at org.eclipse.aether.internal.impl.TrackingFileManager.lock(TrackingFileManager.java:203) ~[org.eclipse.aether.impl_1.0.0.v20140518.jar:na]
	... 18 common frames omitted
